2012-12-13 12:06:40,247 [main] INFO  org.red5.server.Launcher - Red5 Server 0.9.0 $Rev: 3995 $ (http://code.google.com/p/red5/)
2012-12-13 12:06:40,325 [main] INFO  o.s.c.s.FileSystemXmlApplicationContext - Refreshing org.springframework.context.support.FileSystemXmlApplicationContext@21b64e6a: startup date [Thu Dec 13 12:06:40 IST 2012]; root of context hierarchy
2012-12-13 12:06:40,797 [main] INFO  o.s.b.f.c.PropertyPlaceholderConfigurer - Loading properties file from class path resource [red5.properties]
2012-12-13 12:06:40,812 [main] INFO  o.s.b.f.s.DefaultListableBeanFactory - Pre-instantiating singletons in org.springframework.beans.factory.support.DefaultListableBeanFactory@7402d5a: defining beans [placeholderConfig,red5.common,red5.core,context.loader,pluginLauncher,tomcat.server]; root of factory hierarchy
2012-12-13 12:06:40,858 [main] INFO  o.s.c.s.FileSystemXmlApplicationContext - Refreshing org.springframework.context.support.FileSystemXmlApplicationContext@37722456: startup date [Thu Dec 13 12:06:40 IST 2012]; root of context hierarchy
2012-12-13 12:06:40,946 [main] INFO  o.s.b.f.c.PropertyPlaceholderConfigurer - Loading properties file from class path resource [red5.properties]
2012-12-13 12:06:40,952 [main] INFO  o.s.b.f.s.DefaultListableBeanFactory - Pre-instantiating singletons in org.springframework.beans.factory.support.DefaultListableBeanFactory@5c001eb0: defining beans [placeholderConfig,red5.server,jmxFactory,jmxAgent,serializer,deserializer,statusObjectService,rtmpCodecFactory,remotingCodecFactory,streamableFileFactory,filePersistenceThread,sharedObjectService,streamService,providerService,consumerService,bandwidthFilter,schedulingService,warDeployService,remotingClient,object.cache,keyframe.cache,flv.impl,flvreader.impl,mp4reader.impl,mp3reader.impl,org.springframework.beans.factory.config.MethodInvokingFactoryBean#0,org.springframework.beans.factory.config.MethodInvokingFactoryBean#1,streamExecutor,playlistSubscriberStream,clientBroadcastStream]; root of factory hierarchy
2012-12-13 12:06:41,038 [main] WARN  o.s.b.GenericTypeAwarePropertyDescriptor - Invalid JavaBean property 'enableRmiAdapter' being accessed! Ambiguous write methods found next to actually used [public void org.red5.server.jmx.JMXAgent.setEnableRmiAdapter(java.lang.String)]: [public void org.red5.server.jmx.JMXAgent.setEnableRmiAdapter(boolean)]
2012-12-13 12:06:41,038 [main] WARN  o.s.b.GenericTypeAwarePropertyDescriptor - Invalid JavaBean property 'enableSsl' being accessed! Ambiguous write methods found next to actually used [public void org.red5.server.jmx.JMXAgent.setEnableSsl(java.lang.String)]: [public void org.red5.server.jmx.JMXAgent.setEnableSsl(boolean)]
2012-12-13 12:06:41,039 [main] WARN  o.s.b.GenericTypeAwarePropertyDescriptor - Invalid JavaBean property 'enableMinaMonitor' being accessed! Ambiguous write methods found next to actually used [public void org.red5.server.jmx.JMXAgent.setEnableMinaMonitor(java.lang.String)]: [public void org.red5.server.jmx.JMXAgent.setEnableMinaMonitor(boolean)]
2012-12-13 12:06:41,448 [main] INFO  org.red5.server.service.WarDeployer - War deployer service created
2012-12-13 12:06:41,508 [main] INFO  o.s.c.s.FileSystemXmlApplicationContext - Refreshing org.springframework.context.support.FileSystemXmlApplicationContext@5898bbf6: startup date [Thu Dec 13 12:06:41 IST 2012]; parent: ApplicationContext 'red5.common'
2012-12-13 12:06:41,552 [main] INFO  o.s.b.f.c.PropertyPlaceholderConfigurer - Loading properties file from class path resource [red5.properties]
2012-12-13 12:06:41,564 [main] WARN  o.s.b.f.c.CustomEditorConfigurer - Passing PropertyEditor instances into CustomEditorConfigurer is deprecated: use PropertyEditorRegistrars or PropertyEditor class names instead. Offending key [java.net.SocketAddress; offending editor instance: org.apache.mina.integration.beans.InetSocketAddressEditor@78688954
2012-12-13 12:06:41,566 [main] INFO  o.s.b.f.s.DefaultListableBeanFactory - Pre-instantiating singletons in org.springframework.beans.factory.support.DefaultListableBeanFactory@5bf0cf51: defining beans [customEditorConfigurer,placeholderConfig,rtmpMinaConnManager,rtmpHandler,rtmpMinaIoHandler,rtmpTransport,rtmpMinaConnection,rtmpsMinaIoHandler,rtmpsTransport]; parent: org.springframework.beans.factory.support.DefaultListableBeanFactory@5c001eb0
2012-12-13 12:06:41,589 [main] INFO  o.r.s.net.rtmp.RTMPMinaTransport - RTMP Mina Transport bound to /0.0.0.0:1935
2012-12-13 12:06:41,589 [main] INFO  o.r.s.net.rtmp.RTMPMinaTransport - RTMP Mina Transport Settings
2012-12-13 12:06:41,589 [main] INFO  o.r.s.net.rtmp.RTMPMinaTransport - Connection Threads: 4
2012-12-13 12:06:41,589 [main] INFO  o.r.s.net.rtmp.RTMPMinaTransport - I/O Threads: 16
2012-12-13 12:06:41,634 [main] INFO  o.r.s.net.rtmp.RTMPMinaTransport - TCP No Delay: true
2012-12-13 12:06:41,634 [main] INFO  o.r.s.net.rtmp.RTMPMinaTransport - Receive Buffer Size: 65536
2012-12-13 12:06:41,634 [main] INFO  o.r.s.net.rtmp.RTMPMinaTransport - Send Buffer Size: 271360
2012-12-13 12:06:41,649 [main] WARN  o.r.s.net.rtmps.RTMPSMinaIoHandler - Keystore file does not exist: conf/keystore
2012-12-13 12:06:41,651 [main] INFO  o.r.s.net.rtmp.RTMPMinaTransport - RTMP Mina Transport bound to /0.0.0.0:8443
2012-12-13 12:06:41,651 [main] INFO  o.r.s.net.rtmp.RTMPMinaTransport - RTMP Mina Transport Settings
2012-12-13 12:06:41,651 [main] INFO  o.r.s.net.rtmp.RTMPMinaTransport - Connection Threads: 4
2012-12-13 12:06:41,651 [main] INFO  o.r.s.net.rtmp.RTMPMinaTransport - I/O Threads: 16
2012-12-13 12:06:41,654 [main] INFO  o.r.s.net.rtmp.RTMPMinaTransport - TCP No Delay: true
2012-12-13 12:06:41,654 [main] INFO  o.r.s.net.rtmp.RTMPMinaTransport - Receive Buffer Size: 65536
2012-12-13 12:06:41,655 [main] INFO  o.r.s.net.rtmp.RTMPMinaTransport - Send Buffer Size: 271360
2012-12-13 12:06:41,665 [main] INFO  o.s.c.s.FileSystemXmlApplicationContext - Refreshing org.springframework.context.support.FileSystemXmlApplicationContext@1a7df60a: startup date [Thu Dec 13 12:06:41 IST 2012]; parent: ApplicationContext 'red5.common'
2012-12-13 12:06:41,710 [main] INFO  o.s.b.f.s.DefaultListableBeanFactory - Pre-instantiating singletons in org.springframework.beans.factory.support.DefaultListableBeanFactory@8a030d6: defining beans [global.clientRegistry,global.serviceInvoker,global.mappingStrategy,global.context,global.handler,global.scope,red5.scopeResolver]; parent: org.springframework.beans.factory.support.DefaultListableBeanFactory@5c001eb0
2012-12-13 12:06:41,933 [main] INFO  org.red5.server.tomcat.TomcatLoader - Setting connector: org.apache.catalina.connector.Connector
2012-12-13 12:06:41,934 [main] INFO  org.red5.server.tomcat.TomcatLoader - Address to bind: /0.0.0.0:5080
2012-12-13 12:06:41,934 [main] INFO  org.red5.server.tomcat.TomcatLoader - Loading tomcat context
2012-12-13 12:06:41,934 [main] INFO  org.red5.server.tomcat.TomcatLoader - Server root: dist
2012-12-13 12:06:41,934 [main] INFO  org.red5.server.tomcat.TomcatLoader - Config root: dist/conf
2012-12-13 12:06:41,952 [main] INFO  org.red5.server.tomcat.TomcatLoader - Application root: dist/webapps
2012-12-13 12:06:42,021 [main] INFO  org.red5.server.tomcat.TomcatLoader - Starting Tomcat servlet engine
2012-12-13 12:06:42,022 [main] INFO  o.apache.catalina.startup.Embedded - Starting tomcat server
2012-12-13 12:06:42,114 [main] INFO  o.a.catalina.core.StandardEngine - Starting Servlet Engine: Apache Tomcat/6.0-snapshot
2012-12-13 12:06:42,721 [main] INFO  o.a.coyote.http11.Http11Protocol - Initializing Coyote HTTP/1.1 on http-0.0.0.0-5080
2012-12-13 12:06:42,740 [main] INFO  o.a.coyote.http11.Http11Protocol - Starting Coyote HTTP/1.1 on http-0.0.0.0-5080
2012-12-13 12:06:42,759 [main] INFO  org.red5.server.tomcat.TomcatLoader - Dedicated RTMPT server configuration was not specified
2012-12-13 12:06:42,760 [main] INFO  org.red5.server.tomcat.TomcatLoader - Dedicated RTMPS server configuration was not specified
2012-12-13 12:06:42,848 [Launcher:/] INFO  o.s.b.f.c.PropertyPlaceholderConfigurer - Loading properties file from ServletContext resource [/WEB-INF/red5-web.properties]
2012-12-13 12:06:42,851 [Launcher:/installer] INFO  o.s.b.f.c.PropertyPlaceholderConfigurer - Loading properties file from ServletContext resource [/WEB-INF/red5-web.properties]
2012-12-13 12:06:42,862 [Launcher:/installer] INFO  o.s.b.f.s.DefaultListableBeanFactory - Pre-instantiating singletons in org.springframework.beans.factory.support.DefaultListableBeanFactory@6070c38c: defining beans [placeholderConfig,web.context,web.scope,web.handler,installer.service]; parent: org.springframework.beans.factory.support.DefaultListableBeanFactory@8a030d6
2012-12-13 12:06:42,867 [Launcher:/] INFO  o.s.b.f.s.DefaultListableBeanFactory - Pre-instantiating singletons in org.springframework.beans.factory.support.DefaultListableBeanFactory@7d6a4a67: defining beans [placeholderConfig,web.context,web.scope]; parent: org.springframework.beans.factory.support.DefaultListableBeanFactory@8a030d6
2012-12-13 12:06:42,993 [Launcher:/installer] INFO  org.red5.server.service.Installer - Installer service created
2012-12-13 12:06:58,075 [NioProcessor-1] WARN  o.r.server.net.rtmp.RTMPHandshake - Digest offset: 1224
2012-12-13 12:07:02,772 [Red5_Scheduler_Worker-1] WARN  o.r.server.net.rtmp.RTMPConnection - Closing RTMPMinaConnection from 127.0.0.1 : 57063 to null (in: 1537 out 0 ), with id 1263643664 due to long handshake
2012-12-13 12:07:02,793 [NioProcessor-1] WARN  o.r.server.net.rtmp.RTMPHandshake - Digest offset: 1348
2012-12-13 12:07:07,793 [Red5_Scheduler_Worker-2] WARN  o.r.server.net.rtmp.RTMPConnection - Closing RTMPMinaConnection from 127.0.0.1 : 57066 to null (in: 1537 out 0 ), with id 1457099383 due to long handshake
2012-12-13 12:07:07,835 [NioProcessor-1] WARN  o.r.server.net.rtmp.RTMPHandshake - Digest offset: 1242
2012-12-13 12:07:12,836 [Red5_Scheduler_Worker-3] WARN  o.r.server.net.rtmp.RTMPConnection - Closing RTMPMinaConnection from 127.0.0.1 : 57067 to null (in: 1537 out 0 ), with id 557485745 due to long handshake
2012-12-13 12:07:12,875 [NioProcessor-1] WARN  o.r.server.net.rtmp.RTMPHandshake - Digest offset: 1108
2012-12-13 12:07:17,875 [Red5_Scheduler_Worker-4] WARN  o.r.server.net.rtmp.RTMPConnection - Closing RTMPMinaConnection from 127.0.0.1 : 57068 to null (in: 1537 out 0 ), with id 1972618086 due to long handshake
2012-12-13 12:07:17,915 [NioProcessor-1] WARN  o.r.server.net.rtmp.RTMPHandshake - Digest offset: 1413
